# JRE version: Java(TM) SE Runtime Environment (8.0_91-b14) (build 1.8.0_91-b14)
# Java VM: Java HotSpot(TM) 64-Bit Server VM (25.91-b14 mixed mode linux-amd64 compressed oops)
Heap:
 PSYoungGen      total 134656K, used 19455K [0x00000000eab00000, 0x00000000f4800000, 0x0000000100000000)
  eden space 115200K, 0% used [0x00000000eab00000,0x00000000eab00000,0x00000000f1b80000)
  from space 19456K, 99% used [0x00000000f1b80000,0x00000000f2e7fef0,0x00000000f2e80000)
  to   space 12800K, 0% used [0x00000000f2e80000,0x00000000f2e80000,0x00000000f3b00000)
 ParOldGen       total 87040K, used 85841K [0x00000000c0000000, 0x00000000c5500000, 0x00000000eab00000)
  object space 87040K, 98% used [0x00000000c0000000,0x00000000c53d4490,0x00000000c5500000)
 Metaspace       used 6345K, capacity 7192K, committed 7424K, reserved 1056768K
  class space    used 609K, capacity 656K, committed 768K, reserved 1048576K
GC Heap History (10 events):
Event: 4.467 GC heap after
Heap after GC invocations=5 (full 0):
 PSYoungGen      total 32768K, used 2016K [0x00000000eab00000, 0x00000000ef500000, 0x0000000100000000)
  eden space 30720K, 0% used [0x00000000eab00000,0x00000000eab00000,0x00000000ec900000)
  from space 2048K, 98% used [0x00000000ec900000,0x00000000ecaf8028,0x00000000ecb00000)
  to   space 7168K, 0% used [0x00000000eee00000,0x00000000eee00000,0x00000000ef500000)
 ParOldGen       total 39936K, used 12600K [0x00000000c0000000, 0x00000000c2700000, 0x00000000eab00000)
  object space 39936K, 31% used [0x00000000c0000000,0x00000000c0c4e118,0x00000000c2700000)
 Metaspace       used 5844K, capacity 6832K, committed 7040K, reserved 1056768K
  class space    used 588K, capacity 616K, committed 640K, reserved 1048576K
}
Event: 4.971 GC heap before
{Heap before GC invocations=6 (full 0):
 PSYoungGen      total 32768K, used 32736K [0x00000000eab00000, 0x00000000ef500000, 0x0000000100000000)
  eden space 30720K, 100% used [0x00000000eab00000,0x00000000ec900000,0x00000000ec900000)
  from space 2048K, 98% used [0x00000000ec900000,0x00000000ecaf8028,0x00000000ecb00000)
  to   space 7168K, 0% used [0x00000000eee00000,0x00000000eee00000,0x00000000ef500000)
 ParOldGen       total 39936K, used 12600K [0x00000000c0000000, 0x00000000c2700000, 0x00000000eab00000)
  object space 39936K, 31% used [0x00000000c0000000,0x00000000c0c4e118,0x00000000c2700000)
 Metaspace       used 5873K, capacity 6832K, committed 7040K, reserved 1056768K
  class space    used 589K, capacity 616K, committed 640K, reserved 1048576K
Event: 5.005 GC heap after
Heap after GC invocations=6 (full 0):
 PSYoungGen      total 68096K, used 5488K [0x00000000eab00000, 0x00000000ef600000, 0x0000000100000000)
  eden space 60928K, 0% used [0x00000000eab00000,0x00000000eab00000,0x00000000ee680000)
  from space 7168K, 76% used [0x00000000eee00000,0x00000000ef35c038,0x00000000ef500000)
  to   space 7680K, 0% used [0x00000000ee680000,0x00000000ee680000,0x00000000eee00000)
 ParOldGen       total 39936K, used 12600K [0x00000000c0000000, 0x00000000c2700000, 0x00000000eab00000)
  object space 39936K, 31% used [0x00000000c0000000,0x00000000c0c4e118,0x00000000c2700000)
 Metaspace       used 5873K, capacity 6832K, committed 7040K, reserved 1056768K
  class space    used 589K, capacity 616K, committed 640K, reserved 1048576K
}
Event: 7.488 GC heap before
{Heap before GC invocations=7 (full 0):
 PSYoungGen      total 68096K, used 66416K [0x00000000eab00000, 0x00000000ef600000, 0x0000000100000000)
  eden space 60928K, 100% used [0x00000000eab00000,0x00000000ee680000,0x00000000ee680000)
  from space 7168K, 76% used [0x00000000eee00000,0x00000000ef35c038,0x00000000ef500000)
  to   space 7680K, 0% used [0x00000000ee680000,0x00000000ee680000,0x00000000eee00000)
 ParOldGen       total 39936K, used 12600K [0x00000000c0000000, 0x00000000c2700000, 0x00000000eab00000)
  object space 39936K, 31% used [0x00000000c0000000,0x00000000c0c4e118,0x00000000c2700000)
 Metaspace       used 6069K, capacity 7000K, committed 7168K, reserved 1056768K
  class space    used 609K, capacity 656K, committed 768K, reserved 1048576K
Event: 7.600 GC heap after
Heap after GC invocations=7 (full 0):
 PSYoungGen      total 68608K, used 7673K [0x00000000eab00000, 0x00000000f3b00000, 0x0000000100000000)
  eden space 60928K, 0% used [0x00000000eab00000,0x00000000eab00000,0x00000000ee680000)
  from space 7680K, 99% used [0x00000000ee680000,0x00000000eedfe720,0x00000000eee00000)
  to   space 12800K, 0% used [0x00000000f2e80000,0x00000000f2e80000,0x00000000f3b00000)
 ParOldGen       total 39936K, used 20760K [0x00000000c0000000, 0x00000000c2700000, 0x00000000eab00000)
  object space 39936K, 51% used [0x00000000c0000000,0x00000000c14463d0,0x00000000c2700000)
 Metaspace       used 6069K, capacity 7000K, committed 7168K, reserved 1056768K
  class space    used 609K, capacity 656K, committed 768K, reserved 1048576K
}
Event: 11.086 GC heap before
{Heap before GC invocations=8 (full 0):
 PSYoungGen      total 68608K, used 68601K [0x00000000eab00000, 0x00000000f3b00000, 0x0000000100000000)
  eden space 60928K, 100% used [0x00000000eab00000,0x00000000ee680000,0x00000000ee680000)
  from space 7680K, 99% used [0x00000000ee680000,0x00000000eedfe720,0x00000000eee00000)
  to   space 12800K, 0% used [0x00000000f2e80000,0x00000000f2e80000,0x00000000f3b00000)
 ParOldGen       total 39936K, used 20760K [0x00000000c0000000, 0x00000000c2700000, 0x00000000eab00000)
  object space 39936K, 51% used [0x00000000c0000000,0x00000000c14463d0,0x00000000c2700000)
 Metaspace       used 6292K, capacity 7192K, committed 7424K, reserved 1056768K
  class space    used 609K, capacity 656K, committed 768K, reserved 1048576K
Event: 11.226 GC heap after
Heap after GC invocations=8 (full 0):
 PSYoungGen      total 128000K, used 12796K [0x00000000eab00000, 0x00000000f4800000, 0x0000000100000000)
  eden space 115200K, 0% used [0x00000000eab00000,0x00000000eab00000,0x00000000f1b80000)
  from space 12800K, 99% used [0x00000000f2e80000,0x00000000f3aff0a0,0x00000000f3b00000)
  to   space 19456K, 0% used [0x00000000f1b80000,0x00000000f1b80000,0x00000000f2e80000)
 ParOldGen       total 39936K, used 31463K [0x00000000c0000000, 0x00000000c2700000, 0x00000000eab00000)
  object space 39936K, 78% used [0x00000000c0000000,0x00000000c1eb9fd0,0x00000000c2700000)
 Metaspace       used 6292K, capacity 7192K, committed 7424K, reserved 1056768K
  class space    used 609K, capacity 656K, committed 768K, reserved 1048576K
}
Event: 11.226 GC heap before
{Heap before GC invocations=9 (full 1):
 PSYoungGen      total 128000K, used 12796K [0x00000000eab00000, 0x00000000f4800000, 0x0000000100000000)
  eden space 115200K, 0% used [0x00000000eab00000,0x00000000eab00000,0x00000000f1b80000)
  from space 12800K, 99% used [0x00000000f2e80000,0x00000000f3aff0a0,0x00000000f3b00000)
  to   space 19456K, 0% used [0x00000000f1b80000,0x00000000f1b80000,0x00000000f2e80000)
 ParOldGen       total 39936K, used 31463K [0x00000000c0000000, 0x00000000c2700000, 0x00000000eab00000)
  object space 39936K, 78% used [0x00000000c0000000,0x00000000c1eb9fd0,0x00000000c2700000)
 Metaspace       used 6292K, capacity 7192K, committed 7424K, reserved 1056768K
  class space    used 609K, capacity 656K, committed 768K, reserved 1048576K
Event: 12.213 GC heap after
Heap after GC invocations=9 (full 1):
 PSYoungGen      total 128000K, used 1530K [0x00000000eab00000, 0x00000000f4800000, 0x0000000100000000)
  eden space 115200K, 0% used [0x00000000eab00000,0x00000000eab00000,0x00000000f1b80000)
  from space 12800K, 11% used [0x00000000f2e80000,0x00000000f2ffebd8,0x00000000f3b00000)
  to   space 19456K, 0% used [0x00000000f1b80000,0x00000000f1b80000,0x00000000f2e80000)
 ParOldGen       total 75264K, used 39830K [0x00000000c0000000, 0x00000000c4980000, 0x00000000eab00000)
  object space 75264K, 52% used [0x00000000c0000000,0x00000000c26e5938,0x00000000c4980000)
 Metaspace       used 6292K, capacity 7192K, committed 7424K, reserved 1056768K
  class space    used 609K, capacity 656K, committed 768K, reserved 1048576K
}
Event: 15.813 GC heap before
{Heap before GC invocations=10 (full 1):
 PSYoungGen      total 128000K, used 116730K [0x00000000eab00000, 0x00000000f4800000, 0x0000000100000000)
  eden space 115200K, 100% used [0x00000000eab00000,0x00000000f1b80000,0x00000000f1b80000)
  from space 12800K, 11% used [0x00000000f2e80000,0x00000000f2ffebd8,0x00000000f3b00000)
  to   space 19456K, 0% used [0x00000000f1b80000,0x00000000f1b80000,0x00000000f2e80000)
 ParOldGen       total 75264K, used 39830K [0x00000000c0000000, 0x00000000c4980000, 0x00000000eab00000)
  object space 75264K, 52% used [0x00000000c0000000,0x00000000c26e5938,0x00000000c4980000)
 Metaspace       used 6345K, capacity 7192K, committed 7424K, reserved 1056768K
  class space    used 609K, capacity 656K, committed 768K, reserved 1048576K

